Using pre-set license
Built from '2020.3/staging' branch; Version is '2020.3.0f1 (c7b5465681fb) revision 13088070'; Using compiler version '192528614'; Build Type 'Release'
OS: 'Windows 10 Enterprise; OS build 19042.1348; Version 2009; 64bit' Language: 'es' Physical Memory: 3920 MB
BatchMode: 1, IsHumanControllingUs: 0, StartBugReporterOnCrash: 0, Is64bit: 1, IsPro: 0

 COMMAND LINE ARGUMENTS:
C:\Program Files\Unity\Editor\Unity.exe
-adb2
-batchMode
-noUpm
-name
AssetImportWorker0
-projectPath
C:/Users/46025689/Documents/GitHub/Virtual-Reality-Cognitive/NeuroVR
-logFile
Logs/AssetImportWorker0.log
-srvPort
57000
Successfully changed project path to: C:/Users/46025689/Documents/GitHub/Virtual-Reality-Cognitive/NeuroVR
C:/Users/46025689/Documents/GitHub/Virtual-Reality-Cognitive/NeuroVR
Using Asset Import Pipeline V2.
Refreshing native plugins compatible for Editor in 175.80 ms, found 3 plugins.
Preloading 1 native plugins for Editor in 2.63 ms.
Initialize engine version: 2020.3.0f1 (c7b5465681fb)
[Subsystems] Discovering subsystems at path C:/Program Files/Unity/Editor/Data/Resources/UnitySubsystems
[Subsystems] Discovering subsystems at path C:/Users/46025689/Documents/GitHub/Virtual-Reality-Cognitive/NeuroVR/Assets
GfxDevice: creating device client; threaded=0
Direct3D:
    Version:  Direct3D 11.0 [level 11.1]
    Renderer: Intel(R) HD Graphics 500 (ID=0x5a85)
    Vendor:   
    VRAM:     1960 MB
    Driver:   26.20.100.7757
Initialize mono
Mono path[0] = 'C:/Program Files/Unity/Editor/Data/Managed'
Mono path[1] = 'C:/Program Files/Unity/Editor/Data/MonoBleedingEdge/lib/mono/unityjit'
Mono config path = 'C:/Program Files/Unity/Editor/Data/MonoBleedingEdge/etc'
Using monoOptions --debugger-agent=transport=dt_socket,embedding=1,server=y,suspend=n,address=127.0.0.1:56064
Begin MonoManager ReloadAssembly
Registering precompiled unity dll's ...
Register platform support module: C:/Program Files/Unity/Editor/Data/PlaybackEngines/WindowsStandaloneSupport/UnityEditor.WindowsStandalone.Extensions.dll
Registered in 0.005294 seconds.
Native extension for WindowsStandalone target not found
Refreshing native plugins compatible for Editor in 178.34 ms, found 3 plugins.
Preloading 1 native plugins for Editor in 0.31 ms.
Invoked RoslynAnalysisRunner static constructor.
RoslynAnalysisRunner will not be running.
RoslynAnalysisRunner has terminated.
Mono: successfully reloaded assembly
- Completed reload, in  5.826 seconds
Platform modules already initialized, skipping
Registering precompiled user dll's ...
Registered in 0.007449 seconds.
Begin MonoManager ReloadAssembly
Native extension for WindowsStandalone target not found
Refreshing native plugins compatible for Editor in 165.17 ms, found 3 plugins.
Preloading 1 native plugins for Editor in 0.29 ms.
Invoked RoslynAnalysisRunner static constructor.
RoslynAnalysisRunner will not be running.
RoslynAnalysisRunner has terminated.
[XR] OculusXRPlugin: registering subsystems
[XR] Unable to register display lifecyle provider: [1]
[XR] Oculus Input lifecycle provider registered.
[XR] Unable to register input lifecyle provider: [1]
NullReferenceException: Object reference not set to an instance of an object
  at Unity.XR.Oculus.OculusLoader.AssetPathToAbsolutePath (System.String assetPath) [0x00048] in C:\Users\46025689\Documents\GitHub\Virtual-Reality-Cognitive\NeuroVR\Library\PackageCache\com.unity.xr.oculus@1.8.1\Runtime\OculusLoader.cs:243 
  at Unity.XR.Oculus.OculusLoader.EditorLoadOVRPlugin () [0x0007b] in C:\Users\46025689\Documents\GitHub\Virtual-Reality-Cognitive\NeuroVR\Library\PackageCache\com.unity.xr.oculus@1.8.1\Runtime\OculusLoader.cs:228 

(Filename: Library/PackageCache/com.unity.xr.oculus@1.8.1/Runtime/OculusLoader.cs Line: 243)

Mono: successfully reloaded assembly
- Completed reload, in  3.375 seconds
Platform modules already initialized, skipping
========================================================================
Worker process is ready to serve import requests
Shader 'Universal Render Pipeline/Particles/Lit': fallback shader 'Universal Render Pipeline/Particles/SimpleLit' not found
Shader 'Universal Render Pipeline/Particles/Lit': fallback shader 'Universal Render Pipeline/Particles/SimpleLit' not found
Launched and connected shader compiler UnityShaderCompiler.exe after 0.16 seconds
Refreshing native plugins compatible for Editor in 1.64 ms, found 3 plugins.
Preloading 1 native plugins for Editor in 0.41 ms.
Unloading 2517 Unused Serialized files (Serialized files now loaded: 0)
System memory in use before: 115.2 MB.
System memory in use after: 113.0 MB.

Unloading 46 unused Assets to reduce memory usage. Loaded Objects now: 2926.
Total: 11.160200 ms (FindLiveObjects: 1.053100 ms CreateObjectMapping: 0.538800 ms MarkObjects: 6.380700 ms  DeleteObjects: 3.182200 ms)

========================================================================
Received Import Request.
  path: Assets/Scenes
  artifactKey: Guid(bb6c04da651fc934db4da6d9b356a3fa) Importer(815301076,1909f56bfc062723c751e8b465ee728b)
Start importing Assets/Scenes using Guid(bb6c04da651fc934db4da6d9b356a3fa) Importer(815301076,1909f56bfc062723c751e8b465ee728b)  -> (artifact id: 'c41660497f1ad8916028c6f13f3cf905') in 0.033504 seconds
  Import took 0.044128 seconds .

========================================================================
Received Import Request.
  Time since last request: 15.232460 seconds.
  path: Assets/Scenes/Supermercado(1).unity
  artifactKey: Guid(b8ada9e96ab041f4aaacf55a3dcc3b7d) Importer(815301076,1909f56bfc062723c751e8b465ee728b)
Start importing Assets/Scenes/Supermercado(1).unity using Guid(b8ada9e96ab041f4aaacf55a3dcc3b7d) Importer(815301076,1909f56bfc062723c751e8b465ee728b)  -> (artifact id: '2bc81285707a0f7fca3017e657fb4298') in 0.048230 seconds
  Import took 0.057729 seconds .

========================================================================
Received Prepare
Registering precompiled user dll's ...
Registered in 0.043031 seconds.
Begin MonoManager ReloadAssembly
Native extension for WindowsStandalone target not found
Refreshing native plugins compatible for Editor in 2.34 ms, found 9 plugins.
Preloading 2 native plugins for Editor in 4.82 ms.
Invoked RoslynAnalysisRunner static constructor.
RoslynAnalysisRunner will not be running.
RoslynAnalysisRunner has terminated.
NullReferenceException: Object reference not set to an instance of an object
  at Unity.XR.Oculus.OculusLoader.AssetPathToAbsolutePath (System.String assetPath) [0x00048] in C:\Users\46025689\Documents\GitHub\Virtual-Reality-Cognitive\NeuroVR\Library\PackageCache\com.unity.xr.oculus@1.8.1\Runtime\OculusLoader.cs:243 
  at Unity.XR.Oculus.OculusLoader.EditorLoadOVRPlugin () [0x0007b] in C:\Users\46025689\Documents\GitHub\Virtual-Reality-Cognitive\NeuroVR\Library\PackageCache\com.unity.xr.oculus@1.8.1\Runtime\OculusLoader.cs:228 

(Filename: Library/PackageCache/com.unity.xr.oculus@1.8.1/Runtime/OculusLoader.cs Line: 243)

Mono: successfully reloaded assembly
- Completed reload, in  4.350 seconds
Platform modules already initialized, skipping
Shader 'Universal Render Pipeline/Particles/Lit': fallback shader 'Universal Render Pipeline/Particles/SimpleLit' not found
Shader 'Universal Render Pipeline/Particles/Lit': fallback shader 'Universal Render Pipeline/Particles/SimpleLit' not found
Refreshing native plugins compatible for Editor in 2.37 ms, found 9 plugins.
Preloading 2 native plugins for Editor in 0.80 ms.
Unloading 2617 Unused Serialized files (Serialized files now loaded: 0)
System memory in use before: 117.0 MB.
System memory in use after: 114.8 MB.

Unloading 43 unused Assets to reduce memory usage. Loaded Objects now: 3115.
Total: 12.036400 ms (FindLiveObjects: 1.784200 ms CreateObjectMapping: 0.689800 ms MarkObjects: 6.185400 ms  DeleteObjects: 3.343200 ms)

AssetImportWorkerClient::OnTransportError - code=2 error=End of file
