Using pre-set license
Built from '2020.2/staging' branch; Version is '2020.2.7f1 (c53830e277f1) revision 12924976'; Using compiler version '192528614'; Build Type 'Release'
OS: 'Windows 10 Home; OS build 19044.1526; Version 2009; 64bit' Language: 'es' Physical Memory: 3498 MB
BatchMode: 1, IsHumanControllingUs: 0, StartBugReporterOnCrash: 0, Is64bit: 1, IsPro: 0

 COMMAND LINE ARGUMENTS:
C:\Program Files\Unity\Hub\Editor\2020.2.7f1\Editor\Unity.exe
-adb2
-batchMode
-noUpm
-name
AssetImportWorker2
-projectPath
C:/proyecto/Virtual-Reality-Cognitive/VR
-logFile
Logs/AssetImportWorker2.log
-srvPort
63708
Successfully changed project path to: C:/proyecto/Virtual-Reality-Cognitive/VR
C:/proyecto/Virtual-Reality-Cognitive/VR
Using Asset Import Pipeline V2.
Refreshing native plugins compatible for Editor in 189.31 ms, found 15 plugins.
Preloading 2 native plugins for Editor in 5.02 ms.
Initialize engine version: 2020.2.7f1 (c53830e277f1)
[Subsystems] Discovering subsystems at path C:/Program Files/Unity/Hub/Editor/2020.2.7f1/Editor/Data/Resources/UnitySubsystems
[Subsystems] Discovering subsystems at path C:/proyecto/Virtual-Reality-Cognitive/VR/Assets
GfxDevice: creating device client; threaded=0
Direct3D:
    Version:  Direct3D 11.0 [level 11.1]
    Renderer: AMD Radeon(TM) Vega 3 Graphics (ID=0x15d8)
    Vendor:   
    VRAM:     1749 MB
    Driver:   27.20.15030.3002
Initialize mono
Mono path[0] = 'C:/Program Files/Unity/Hub/Editor/2020.2.7f1/Editor/Data/Managed'
Mono path[1] = 'C:/Program Files/Unity/Hub/Editor/2020.2.7f1/Editor/Data/MonoBleedingEdge/lib/mono/unityjit'
Mono config path = 'C:/Program Files/Unity/Hub/Editor/2020.2.7f1/Editor/Data/MonoBleedingEdge/etc'
Using monoOptions --debugger-agent=transport=dt_socket,embedding=1,server=y,suspend=n,address=127.0.0.1:56868
Begin MonoManager ReloadAssembly
Registering precompiled unity dll's ...
Register platform support module: C:/Program Files/Unity/Hub/Editor/2020.2.7f1/Editor/Data/PlaybackEngines/WindowsStandaloneSupport/UnityEditor.WindowsStandalone.Extensions.dll
Registered in 0.005596 seconds.
Native extension for WindowsStandalone target not found
Refreshing native plugins compatible for Editor in 110.45 ms, found 15 plugins.
Preloading 2 native plugins for Editor in 0.75 ms.
Invoked RoslynAnalysisRunner static constructor.
RoslynAnalysisRunner will not be running.
RoslynAnalysisRunner has terminated.
Mono: successfully reloaded assembly
- Completed reload, in  5.738 seconds
Platform modules already initialized, skipping
Registering precompiled user dll's ...
Registered in 0.098564 seconds.
Begin MonoManager ReloadAssembly
Native extension for WindowsStandalone target not found
Refreshing native plugins compatible for Editor in 112.63 ms, found 15 plugins.
Preloading 2 native plugins for Editor in 0.33 ms.
Refresh completed but there are assets queued up for importing. Check for code that modifies assets which gets called after OnPostProcessAllAssets. Additional details in Log file
UnityEngine.StackTraceUtility:ExtractStackTrace ()
UnityEditor.XR.OpenXR.Features.FeatureHelpersInternal:GetAllFeatureInfo (UnityEditor.BuildTargetGroup) (at Library/PackageCache/com.unity.xr.openxr@1.0.3/Editor/FeatureSupport/FeatureHelpers.cs:159)
UnityEditor.XR.OpenXR.Features.FeatureHelpers:RefreshFeatures (UnityEditor.BuildTargetGroup) (at Library/PackageCache/com.unity.xr.openxr@1.0.3/Editor/FeatureSupport/FeatureHelpers.cs:27)
UnityEditor.XR.OpenXR.Samples.InterceptFeature.InterceptFeatureInstaller:.cctor () (at Assets/Samples/OpenXR Plugin/1.0.3/Intercept Feature/Editor/InterceptFeatureInstaller.cs:22)
System.Runtime.CompilerServices.RuntimeHelpers:RunClassConstructor (System.RuntimeTypeHandle)
UnityEditor.EditorAssemblies:ProcessInitializeOnLoadAttributes (System.Type[])

[Library/PackageCache/com.unity.xr.openxr@1.0.3/Editor/FeatureSupport/FeatureHelpers.cs line 159]

Assets queued for import after Refresh completed:
	Assets/XR/Settings/Open XR Package Settings.asset
RefreshInfo: StopAssetImportingV2(NoUpdateAssetOptions) scanfilter: 
RefreshProfiler: Total: 0.000ms
Assertion failed on expression: 'm_Ptr'
UnityEngine.StackTraceUtility:ExtractStackTrace ()
UnityEditor.XR.OpenXR.Features.FeatureHelpersInternal:GetAllFeatureInfo (UnityEditor.BuildTargetGroup) (at Library/PackageCache/com.unity.xr.openxr@1.0.3/Editor/FeatureSupport/FeatureHelpers.cs:159)
UnityEditor.XR.OpenXR.Features.FeatureHelpers:RefreshFeatures (UnityEditor.BuildTargetGroup) (at Library/PackageCache/com.unity.xr.openxr@1.0.3/Editor/FeatureSupport/FeatureHelpers.cs:27)
UnityEditor.XR.OpenXR.Samples.InterceptFeature.InterceptFeatureInstaller:.cctor () (at Assets/Samples/OpenXR Plugin/1.0.3/Intercept Feature/Editor/InterceptFeatureInstaller.cs:22)
System.Runtime.CompilerServices.RuntimeHelpers:RunClassConstructor (System.RuntimeTypeHandle)
UnityEditor.EditorAssemblies:ProcessInitializeOnLoadAttributes (System.Type[])

[Library/PackageCache/com.unity.xr.openxr@1.0.3/Editor/FeatureSupport/FeatureHelpers.cs line 159]

Refresh completed but there are assets queued up for importing. Check for code that modifies assets which gets called after OnPostProcessAllAssets. Additional details in Log file
UnityEngine.StackTraceUtility:ExtractStackTrace ()
UnityEditor.XR.OpenXR.Features.FeatureHelpersInternal:GetAllFeatureInfo (UnityEditor.BuildTargetGroup) (at Library/PackageCache/com.unity.xr.openxr@1.0.3/Editor/FeatureSupport/FeatureHelpers.cs:159)
UnityEditor.XR.OpenXR.Features.FeatureHelpers:RefreshFeatures (UnityEditor.BuildTargetGroup) (at Library/PackageCache/com.unity.xr.openxr@1.0.3/Editor/FeatureSupport/FeatureHelpers.cs:27)
UnityEditor.XR.OpenXR.Samples.InterceptFeature.InterceptFeatureInstaller:.cctor () (at Assets/Samples/OpenXR Plugin/1.0.3/Intercept Feature/Editor/InterceptFeatureInstaller.cs:22)
System.Runtime.CompilerServices.RuntimeHelpers:RunClassConstructor (System.RuntimeTypeHandle)
UnityEditor.EditorAssemblies:ProcessInitializeOnLoadAttributes (System.Type[])

[Library/PackageCache/com.unity.xr.openxr@1.0.3/Editor/FeatureSupport/FeatureHelpers.cs line 159]

Assets queued for import after Refresh completed:
	Assets/XR/Settings/Open XR Package Settings.asset
RefreshInfo: StopAssetImportingV2(NoUpdateAssetOptions) scanfilter: 
RefreshProfiler: Total: 0.000ms
Assertion failed on expression: 'm_Ptr'
UnityEngine.StackTraceUtility:ExtractStackTrace ()
UnityEditor.XR.OpenXR.Features.FeatureHelpersInternal:GetAllFeatureInfo (UnityEditor.BuildTargetGroup) (at Library/PackageCache/com.unity.xr.openxr@1.0.3/Editor/FeatureSupport/FeatureHelpers.cs:159)
UnityEditor.XR.OpenXR.Features.FeatureHelpers:RefreshFeatures (UnityEditor.BuildTargetGroup) (at Library/PackageCache/com.unity.xr.openxr@1.0.3/Editor/FeatureSupport/FeatureHelpers.cs:27)
UnityEditor.XR.OpenXR.Samples.InterceptFeature.InterceptFeatureInstaller:.cctor () (at Assets/Samples/OpenXR Plugin/1.0.3/Intercept Feature/Editor/InterceptFeatureInstaller.cs:22)
System.Runtime.CompilerServices.RuntimeHelpers:RunClassConstructor (System.RuntimeTypeHandle)
UnityEditor.EditorAssemblies:ProcessInitializeOnLoadAttributes (System.Type[])

[Library/PackageCache/com.unity.xr.openxr@1.0.3/Editor/FeatureSupport/FeatureHelpers.cs line 159]

Refresh completed but there are assets queued up for importing. Check for code that modifies assets which gets called after OnPostProcessAllAssets. Additional details in Log file
UnityEngine.StackTraceUtility:ExtractStackTrace ()
UnityEditor.XR.OpenXR.Features.FeatureHelpersInternal:GetAllFeatureInfo (UnityEditor.BuildTargetGroup) (at Library/PackageCache/com.unity.xr.openxr@1.0.3/Editor/FeatureSupport/FeatureHelpers.cs:159)
UnityEditor.XR.OpenXR.Features.FeatureHelpers:RefreshFeatures (UnityEditor.BuildTargetGroup) (at Library/PackageCache/com.unity.xr.openxr@1.0.3/Editor/FeatureSupport/FeatureHelpers.cs:27)
UnityEditor.XR.OpenXR.Samples.InterceptFeature.InterceptFeatureInstaller:.cctor () (at Assets/Samples/OpenXR Plugin/1.0.3/Intercept Feature/Editor/InterceptFeatureInstaller.cs:22)
System.Runtime.CompilerServices.RuntimeHelpers:RunClassConstructor (System.RuntimeTypeHandle)
UnityEditor.EditorAssemblies:ProcessInitializeOnLoadAttributes (System.Type[])

[Library/PackageCache/com.unity.xr.openxr@1.0.3/Editor/FeatureSupport/FeatureHelpers.cs line 159]

Assets queued for import after Refresh completed:
	Assets/XR/Settings/Open XR Package Settings.asset
RefreshInfo: StopAssetImportingV2(NoUpdateAssetOptions) scanfilter: 
RefreshProfiler: Total: 0.000ms
Assertion failed on expression: 'm_Ptr'
UnityEngine.StackTraceUtility:ExtractStackTrace ()
UnityEditor.XR.OpenXR.Features.FeatureHelpersInternal:GetAllFeatureInfo (UnityEditor.BuildTargetGroup) (at Library/PackageCache/com.unity.xr.openxr@1.0.3/Editor/FeatureSupport/FeatureHelpers.cs:159)
UnityEditor.XR.OpenXR.Features.FeatureHelpers:RefreshFeatures (UnityEditor.BuildTargetGroup) (at Library/PackageCache/com.unity.xr.openxr@1.0.3/Editor/FeatureSupport/FeatureHelpers.cs:27)
UnityEditor.XR.OpenXR.Samples.InterceptFeature.InterceptFeatureInstaller:.cctor () (at Assets/Samples/OpenXR Plugin/1.0.3/Intercept Feature/Editor/InterceptFeatureInstaller.cs:22)
System.Runtime.CompilerServices.RuntimeHelpers:RunClassConstructor (System.RuntimeTypeHandle)
UnityEditor.EditorAssemblies:ProcessInitializeOnLoadAttributes (System.Type[])

[Library/PackageCache/com.unity.xr.openxr@1.0.3/Editor/FeatureSupport/FeatureHelpers.cs line 159]

Refresh completed but there are assets queued up for importing. Check for code that modifies assets which gets called after OnPostProcessAllAssets. Additional details in Log file
UnityEngine.StackTraceUtility:ExtractStackTrace ()
UnityEditor.XR.OpenXR.Features.FeatureHelpersInternal:GetAllFeatureInfo (UnityEditor.BuildTargetGroup) (at Library/PackageCache/com.unity.xr.openxr@1.0.3/Editor/FeatureSupport/FeatureHelpers.cs:159)
UnityEditor.XR.OpenXR.Features.FeatureHelpers:RefreshFeatures (UnityEditor.BuildTargetGroup) (at Library/PackageCache/com.unity.xr.openxr@1.0.3/Editor/FeatureSupport/FeatureHelpers.cs:27)
UnityEditor.XR.OpenXR.Samples.InterceptFeature.InterceptFeatureInstaller:.cctor () (at Assets/Samples/OpenXR Plugin/1.0.3/Intercept Feature/Editor/InterceptFeatureInstaller.cs:22)
System.Runtime.CompilerServices.RuntimeHelpers:RunClassConstructor (System.RuntimeTypeHandle)
UnityEditor.EditorAssemblies:ProcessInitializeOnLoadAttributes (System.Type[])

[Library/PackageCache/com.unity.xr.openxr@1.0.3/Editor/FeatureSupport/FeatureHelpers.cs line 159]

Assets queued for import after Refresh completed:
	Assets/XR/Settings/Open XR Package Settings.asset
RefreshInfo: StopAssetImportingV2(NoUpdateAssetOptions) scanfilter: 
RefreshProfiler: Total: 0.000ms
Assertion failed on expression: 'm_Ptr'
UnityEngine.StackTraceUtility:ExtractStackTrace ()
UnityEditor.XR.OpenXR.Features.FeatureHelpersInternal:GetAllFeatureInfo (UnityEditor.BuildTargetGroup) (at Library/PackageCache/com.unity.xr.openxr@1.0.3/Editor/FeatureSupport/FeatureHelpers.cs:159)
UnityEditor.XR.OpenXR.Features.FeatureHelpers:RefreshFeatures (UnityEditor.BuildTargetGroup) (at Library/PackageCache/com.unity.xr.openxr@1.0.3/Editor/FeatureSupport/FeatureHelpers.cs:27)
UnityEditor.XR.OpenXR.Samples.InterceptFeature.InterceptFeatureInstaller:.cctor () (at Assets/Samples/OpenXR Plugin/1.0.3/Intercept Feature/Editor/InterceptFeatureInstaller.cs:22)
System.Runtime.CompilerServices.RuntimeHelpers:RunClassConstructor (System.RuntimeTypeHandle)
UnityEditor.EditorAssemblies:ProcessInitializeOnLoadAttributes (System.Type[])

[Library/PackageCache/com.unity.xr.openxr@1.0.3/Editor/FeatureSupport/FeatureHelpers.cs line 159]

Refresh completed but there are assets queued up for importing. Check for code that modifies assets which gets called after OnPostProcessAllAssets. Additional details in Log file
UnityEngine.StackTraceUtility:ExtractStackTrace ()
UnityEditor.XR.OpenXR.Features.FeatureHelpersInternal:GetAllFeatureInfo (UnityEditor.BuildTargetGroup) (at Library/PackageCache/com.unity.xr.openxr@1.0.3/Editor/FeatureSupport/FeatureHelpers.cs:159)
UnityEditor.XR.OpenXR.Features.FeatureHelpers:RefreshFeatures (UnityEditor.BuildTargetGroup) (at Library/PackageCache/com.unity.xr.openxr@1.0.3/Editor/FeatureSupport/FeatureHelpers.cs:27)
UnityEditor.XR.OpenXR.Samples.InterceptFeature.InterceptFeatureInstaller:.cctor () (at Assets/Samples/OpenXR Plugin/1.0.3/Intercept Feature/Editor/InterceptFeatureInstaller.cs:22)
System.Runtime.CompilerServices.RuntimeHelpers:RunClassConstructor (System.RuntimeTypeHandle)
UnityEditor.EditorAssemblies:ProcessInitializeOnLoadAttributes (System.Type[])

[Library/PackageCache/com.unity.xr.openxr@1.0.3/Editor/FeatureSupport/FeatureHelpers.cs line 159]

Assets queued for import after Refresh completed:
	Assets/XR/Settings/Open XR Package Settings.asset
RefreshInfo: StopAssetImportingV2(NoUpdateAssetOptions) scanfilter: 
RefreshProfiler: Total: 0.000ms
Assertion failed on expression: 'm_Ptr'
UnityEngine.StackTraceUtility:ExtractStackTrace ()
UnityEditor.XR.OpenXR.Features.FeatureHelpersInternal:GetAllFeatureInfo (UnityEditor.BuildTargetGroup) (at Library/PackageCache/com.unity.xr.openxr@1.0.3/Editor/FeatureSupport/FeatureHelpers.cs:159)
UnityEditor.XR.OpenXR.Features.FeatureHelpers:RefreshFeatures (UnityEditor.BuildTargetGroup) (at Library/PackageCache/com.unity.xr.openxr@1.0.3/Editor/FeatureSupport/FeatureHelpers.cs:27)
UnityEditor.XR.OpenXR.Samples.InterceptFeature.InterceptFeatureInstaller:.cctor () (at Assets/Samples/OpenXR Plugin/1.0.3/Intercept Feature/Editor/InterceptFeatureInstaller.cs:22)
System.Runtime.CompilerServices.RuntimeHelpers:RunClassConstructor (System.RuntimeTypeHandle)
UnityEditor.EditorAssemblies:ProcessInitializeOnLoadAttributes (System.Type[])

[Library/PackageCache/com.unity.xr.openxr@1.0.3/Editor/FeatureSupport/FeatureHelpers.cs line 159]

Refresh completed but there are assets queued up for importing. Check for code that modifies assets which gets called after OnPostProcessAllAssets. Additional details in Log file
UnityEngine.StackTraceUtility:ExtractStackTrace ()
UnityEditor.XR.OpenXR.Features.FeatureHelpersInternal:GetAllFeatureInfo (UnityEditor.BuildTargetGroup) (at Library/PackageCache/com.unity.xr.openxr@1.0.3/Editor/FeatureSupport/FeatureHelpers.cs:159)
UnityEditor.XR.OpenXR.Features.FeatureHelpers:RefreshFeatures (UnityEditor.BuildTargetGroup) (at Library/PackageCache/com.unity.xr.openxr@1.0.3/Editor/FeatureSupport/FeatureHelpers.cs:27)
UnityEditor.XR.OpenXR.Samples.InterceptFeature.InterceptFeatureInstaller:.cctor () (at Assets/Samples/OpenXR Plugin/1.0.3/Intercept Feature/Editor/InterceptFeatureInstaller.cs:22)
System.Runtime.CompilerServices.RuntimeHelpers:RunClassConstructor (System.RuntimeTypeHandle)
UnityEditor.EditorAssemblies:ProcessInitializeOnLoadAttributes (System.Type[])

[Library/PackageCache/com.unity.xr.openxr@1.0.3/Editor/FeatureSupport/FeatureHelpers.cs line 159]

Assets queued for import after Refresh completed:
	Assets/XR/Settings/Open XR Package Settings.asset
RefreshInfo: StopAssetImportingV2(NoUpdateAssetOptions) scanfilter: 
RefreshProfiler: Total: 0.000ms
Assertion failed on expression: 'm_Ptr'
UnityEngine.StackTraceUtility:ExtractStackTrace ()
UnityEditor.XR.OpenXR.Features.FeatureHelpersInternal:GetAllFeatureInfo (UnityEditor.BuildTargetGroup) (at Library/PackageCache/com.unity.xr.openxr@1.0.3/Editor/FeatureSupport/FeatureHelpers.cs:159)
UnityEditor.XR.OpenXR.Features.FeatureHelpers:RefreshFeatures (UnityEditor.BuildTargetGroup) (at Library/PackageCache/com.unity.xr.openxr@1.0.3/Editor/FeatureSupport/FeatureHelpers.cs:27)
UnityEditor.XR.OpenXR.Samples.InterceptFeature.InterceptFeatureInstaller:.cctor () (at Assets/Samples/OpenXR Plugin/1.0.3/Intercept Feature/Editor/InterceptFeatureInstaller.cs:22)
System.Runtime.CompilerServices.RuntimeHelpers:RunClassConstructor (System.RuntimeTypeHandle)
UnityEditor.EditorAssemblies:ProcessInitializeOnLoadAttributes (System.Type[])

[Library/PackageCache/com.unity.xr.openxr@1.0.3/Editor/FeatureSupport/FeatureHelpers.cs line 159]

Refresh completed but there are assets queued up for importing. Check for code that modifies assets which gets called after OnPostProcessAllAssets. Additional details in Log file
UnityEngine.StackTraceUtility:ExtractStackTrace ()
UnityEditor.XR.OpenXR.Features.FeatureHelpersInternal:GetAllFeatureInfo (UnityEditor.BuildTargetGroup) (at Library/PackageCache/com.unity.xr.openxr@1.0.3/Editor/FeatureSupport/FeatureHelpers.cs:159)
UnityEditor.XR.OpenXR.Features.FeatureHelpers:RefreshFeatures (UnityEditor.BuildTargetGroup) (at Library/PackageCache/com.unity.xr.openxr@1.0.3/Editor/FeatureSupport/FeatureHelpers.cs:27)
UnityEditor.XR.OpenXR.Samples.InterceptFeature.InterceptFeatureInstaller:.cctor () (at Assets/Samples/OpenXR Plugin/1.0.3/Intercept Feature/Editor/InterceptFeatureInstaller.cs:22)
System.Runtime.CompilerServices.RuntimeHelpers:RunClassConstructor (System.RuntimeTypeHandle)
UnityEditor.EditorAssemblies:ProcessInitializeOnLoadAttributes (System.Type[])

[Library/PackageCache/com.unity.xr.openxr@1.0.3/Editor/FeatureSupport/FeatureHelpers.cs line 159]

Assets queued for import after Refresh completed:
	Assets/XR/Settings/Open XR Package Settings.asset
RefreshInfo: StopAssetImportingV2(NoUpdateAssetOptions) scanfilter: 
RefreshProfiler: Total: 0.000ms
Assertion failed on expression: 'm_Ptr'
UnityEngine.StackTraceUtility:ExtractStackTrace ()
UnityEditor.XR.OpenXR.Features.FeatureHelpersInternal:GetAllFeatureInfo (UnityEditor.BuildTargetGroup) (at Library/PackageCache/com.unity.xr.openxr@1.0.3/Editor/FeatureSupport/FeatureHelpers.cs:159)
UnityEditor.XR.OpenXR.Features.FeatureHelpers:RefreshFeatures (UnityEditor.BuildTargetGroup) (at Library/PackageCache/com.unity.xr.openxr@1.0.3/Editor/FeatureSupport/FeatureHelpers.cs:27)
UnityEditor.XR.OpenXR.Samples.InterceptFeature.InterceptFeatureInstaller:.cctor () (at Assets/Samples/OpenXR Plugin/1.0.3/Intercept Feature/Editor/InterceptFeatureInstaller.cs:22)
System.Runtime.CompilerServices.RuntimeHelpers:RunClassConstructor (System.RuntimeTypeHandle)
UnityEditor.EditorAssemblies:ProcessInitializeOnLoadAttributes (System.Type[])

[Library/PackageCache/com.unity.xr.openxr@1.0.3/Editor/FeatureSupport/FeatureHelpers.cs line 159]

Refresh completed but there are assets queued up for importing. Check for code that modifies assets which gets called after OnPostProcessAllAssets. Additional details in Log file
UnityEngine.StackTraceUtility:ExtractStackTrace ()
UnityEditor.XR.OpenXR.Features.FeatureHelpersInternal:GetAllFeatureInfo (UnityEditor.BuildTargetGroup) (at Library/PackageCache/com.unity.xr.openxr@1.0.3/Editor/FeatureSupport/FeatureHelpers.cs:159)
UnityEditor.XR.OpenXR.Features.FeatureHelpers:RefreshFeatures (UnityEditor.BuildTargetGroup) (at Library/PackageCache/com.unity.xr.openxr@1.0.3/Editor/FeatureSupport/FeatureHelpers.cs:27)
UnityEditor.XR.OpenXR.Samples.InterceptFeature.InterceptFeatureInstaller:.cctor () (at Assets/Samples/OpenXR Plugin/1.0.3/Intercept Feature/Editor/InterceptFeatureInstaller.cs:22)
System.Runtime.CompilerServices.RuntimeHelpers:RunClassConstructor (System.RuntimeTypeHandle)
UnityEditor.EditorAssemblies:ProcessInitializeOnLoadAttributes (System.Type[])

[Library/PackageCache/com.unity.xr.openxr@1.0.3/Editor/FeatureSupport/FeatureHelpers.cs line 159]

Assets queued for import after Refresh completed:
	Assets/XR/Settings/Open XR Package Settings.asset
RefreshInfo: StopAssetImportingV2(NoUpdateAssetOptions) scanfilter: 
RefreshProfiler: Total: 0.000ms
Assertion failed on expression: 'm_Ptr'
UnityEngine.StackTraceUtility:ExtractStackTrace ()
UnityEditor.XR.OpenXR.Features.FeatureHelpersInternal:GetAllFeatureInfo (UnityEditor.BuildTargetGroup) (at Library/PackageCache/com.unity.xr.openxr@1.0.3/Editor/FeatureSupport/FeatureHelpers.cs:159)
UnityEditor.XR.OpenXR.Features.FeatureHelpers:RefreshFeatures (UnityEditor.BuildTargetGroup) (at Library/PackageCache/com.unity.xr.openxr@1.0.3/Editor/FeatureSupport/FeatureHelpers.cs:27)
UnityEditor.XR.OpenXR.Samples.InterceptFeature.InterceptFeatureInstaller:.cctor () (at Assets/Samples/OpenXR Plugin/1.0.3/Intercept Feature/Editor/InterceptFeatureInstaller.cs:22)
System.Runtime.CompilerServices.RuntimeHelpers:RunClassConstructor (System.RuntimeTypeHandle)
UnityEditor.EditorAssemblies:ProcessInitializeOnLoadAttributes (System.Type[])

[Library/PackageCache/com.unity.xr.openxr@1.0.3/Editor/FeatureSupport/FeatureHelpers.cs line 159]

Refresh completed but there are assets queued up for importing. Check for code that modifies assets which gets called after OnPostProcessAllAssets. Additional details in Log file
UnityEngine.StackTraceUtility:ExtractStackTrace ()
UnityEditor.XR.OpenXR.Features.FeatureHelpersInternal:GetAllFeatureInfo (UnityEditor.BuildTargetGroup) (at Library/PackageCache/com.unity.xr.openxr@1.0.3/Editor/FeatureSupport/FeatureHelpers.cs:159)
UnityEditor.XR.OpenXR.Features.FeatureHelpers:RefreshFeatures (UnityEditor.BuildTargetGroup) (at Library/PackageCache/com.unity.xr.openxr@1.0.3/Editor/FeatureSupport/FeatureHelpers.cs:27)
UnityEditor.XR.OpenXR.Samples.InterceptFeature.InterceptFeatureInstaller:.cctor () (at Assets/Samples/OpenXR Plugin/1.0.3/Intercept Feature/Editor/InterceptFeatureInstaller.cs:22)
System.Runtime.CompilerServices.RuntimeHelpers:RunClassConstructor (System.RuntimeTypeHandle)
UnityEditor.EditorAssemblies:ProcessInitializeOnLoadAttributes (System.Type[])

[Library/PackageCache/com.unity.xr.openxr@1.0.3/Editor/FeatureSupport/FeatureHelpers.cs line 159]

Assets queued for import after Refresh completed:
	Assets/XR/Settings/Open XR Package Settings.asset
RefreshInfo: StopAssetImportingV2(NoUpdateAssetOptions) scanfilter: 
RefreshProfiler: Total: 0.000ms
Assertion failed on expression: 'm_Ptr'
UnityEngine.StackTraceUtility:ExtractStackTrace ()
UnityEditor.XR.OpenXR.Features.FeatureHelpersInternal:GetAllFeatureInfo (UnityEditor.BuildTargetGroup) (at Library/PackageCache/com.unity.xr.openxr@1.0.3/Editor/FeatureSupport/FeatureHelpers.cs:159)
UnityEditor.XR.OpenXR.Features.FeatureHelpers:RefreshFeatures (UnityEditor.BuildTargetGroup) (at Library/PackageCache/com.unity.xr.openxr@1.0.3/Editor/FeatureSupport/FeatureHelpers.cs:27)
UnityEditor.XR.OpenXR.Samples.InterceptFeature.InterceptFeatureInstaller:.cctor () (at Assets/Samples/OpenXR Plugin/1.0.3/Intercept Feature/Editor/InterceptFeatureInstaller.cs:22)
System.Runtime.CompilerServices.RuntimeHelpers:RunClassConstructor (System.RuntimeTypeHandle)
UnityEditor.EditorAssemblies:ProcessInitializeOnLoadAttributes (System.Type[])

[Library/PackageCache/com.unity.xr.openxr@1.0.3/Editor/FeatureSupport/FeatureHelpers.cs line 159]

Refresh completed but there are assets queued up for importing. Check for code that modifies assets which gets called after OnPostProcessAllAssets. Additional details in Log file
UnityEngine.StackTraceUtility:ExtractStackTrace ()
UnityEditor.XR.OpenXR.Features.FeatureHelpersInternal:GetAllFeatureInfo (UnityEditor.BuildTargetGroup) (at Library/PackageCache/com.unity.xr.openxr@1.0.3/Editor/FeatureSupport/FeatureHelpers.cs:159)
UnityEditor.XR.OpenXR.Features.FeatureHelpers:RefreshFeatures (UnityEditor.BuildTargetGroup) (at Library/PackageCache/com.unity.xr.openxr@1.0.3/Editor/FeatureSupport/FeatureHelpers.cs:27)
UnityEditor.XR.OpenXR.Samples.InterceptFeature.InterceptFeatureInstaller:.cctor () (at Assets/Samples/OpenXR Plugin/1.0.3/Intercept Feature/Editor/InterceptFeatureInstaller.cs:22)
System.Runtime.CompilerServices.RuntimeHelpers:RunClassConstructor (System.RuntimeTypeHandle)
UnityEditor.EditorAssemblies:ProcessInitializeOnLoadAttributes (System.Type[])

[Library/PackageCache/com.unity.xr.openxr@1.0.3/Editor/FeatureSupport/FeatureHelpers.cs line 159]

Assets queued for import after Refresh completed:
	Assets/XR/Settings/Open XR Package Settings.asset
RefreshInfo: StopAssetImportingV2(NoUpdateAssetOptions) scanfilter: 
RefreshProfiler: Total: 0.000ms
Assertion failed on expression: 'm_Ptr'
UnityEngine.StackTraceUtility:ExtractStackTrace ()
UnityEditor.XR.OpenXR.Features.FeatureHelpersInternal:GetAllFeatureInfo (UnityEditor.BuildTargetGroup) (at Library/PackageCache/com.unity.xr.openxr@1.0.3/Editor/FeatureSupport/FeatureHelpers.cs:159)
UnityEditor.XR.OpenXR.Features.FeatureHelpers:RefreshFeatures (UnityEditor.BuildTargetGroup) (at Library/PackageCache/com.unity.xr.openxr@1.0.3/Editor/FeatureSupport/FeatureHelpers.cs:27)
UnityEditor.XR.OpenXR.Samples.InterceptFeature.InterceptFeatureInstaller:.cctor () (at Assets/Samples/OpenXR Plugin/1.0.3/Intercept Feature/Editor/InterceptFeatureInstaller.cs:22)
System.Runtime.CompilerServices.RuntimeHelpers:RunClassConstructor (System.RuntimeTypeHandle)
UnityEditor.EditorAssemblies:ProcessInitializeOnLoadAttributes (System.Type[])

[Library/PackageCache/com.unity.xr.openxr@1.0.3/Editor/FeatureSupport/FeatureHelpers.cs line 159]

Refresh completed but there are assets queued up for importing. Check for code that modifies assets which gets called after OnPostProcessAllAssets. Additional details in Log file
UnityEngine.StackTraceUtility:ExtractStackTrace ()
UnityEditor.XR.OpenXR.Features.FeatureHelpersInternal:GetAllFeatureInfo (UnityEditor.BuildTargetGroup) (at Library/PackageCache/com.unity.xr.openxr@1.0.3/Editor/FeatureSupport/FeatureHelpers.cs:159)
UnityEditor.XR.OpenXR.Features.FeatureHelpers:RefreshFeatures (UnityEditor.BuildTargetGroup) (at Library/PackageCache/com.unity.xr.openxr@1.0.3/Editor/FeatureSupport/FeatureHelpers.cs:27)
UnityEditor.XR.OpenXR.Samples.InterceptFeature.InterceptFeatureInstaller:.cctor () (at Assets/Samples/OpenXR Plugin/1.0.3/Intercept Feature/Editor/InterceptFeatureInstaller.cs:22)
System.Runtime.CompilerServices.RuntimeHelpers:RunClassConstructor (System.RuntimeTypeHandle)
UnityEditor.EditorAssemblies:ProcessInitializeOnLoadAttributes (System.Type[])

[Library/PackageCache/com.unity.xr.openxr@1.0.3/Editor/FeatureSupport/FeatureHelpers.cs line 159]

Assets queued for import after Refresh completed:
	Assets/XR/Settings/Open XR Package Settings.asset
RefreshInfo: StopAssetImportingV2(NoUpdateAssetOptions) scanfilter: 
RefreshProfiler: Total: 0.000ms
Assertion failed on expression: 'm_Ptr'
UnityEngine.StackTraceUtility:ExtractStackTrace ()
UnityEditor.XR.OpenXR.Features.FeatureHelpersInternal:GetAllFeatureInfo (UnityEditor.BuildTargetGroup) (at Library/PackageCache/com.unity.xr.openxr@1.0.3/Editor/FeatureSupport/FeatureHelpers.cs:159)
UnityEditor.XR.OpenXR.Features.FeatureHelpers:RefreshFeatures (UnityEditor.BuildTargetGroup) (at Library/PackageCache/com.unity.xr.openxr@1.0.3/Editor/FeatureSupport/FeatureHelpers.cs:27)
UnityEditor.XR.OpenXR.Samples.InterceptFeature.InterceptFeatureInstaller:.cctor () (at Assets/Samples/OpenXR Plugin/1.0.3/Intercept Feature/Editor/InterceptFeatureInstaller.cs:22)
System.Runtime.CompilerServices.RuntimeHelpers:RunClassConstructor (System.RuntimeTypeHandle)
UnityEditor.EditorAssemblies:ProcessInitializeOnLoadAttributes (System.Type[])

[Library/PackageCache/com.unity.xr.openxr@1.0.3/Editor/FeatureSupport/FeatureHelpers.cs line 159]

Refresh completed but there are assets queued up for importing. Check for code that modifies assets which gets called after OnPostProcessAllAssets. Additional details in Log file
UnityEngine.StackTraceUtility:ExtractStackTrace ()
UnityEditor.XR.OpenXR.Features.FeatureHelpersInternal:GetAllFeatureInfo (UnityEditor.BuildTargetGroup) (at Library/PackageCache/com.unity.xr.openxr@1.0.3/Editor/FeatureSupport/FeatureHelpers.cs:159)
UnityEditor.XR.OpenXR.Features.FeatureHelpers:RefreshFeatures (UnityEditor.BuildTargetGroup) (at Library/PackageCache/com.unity.xr.openxr@1.0.3/Editor/FeatureSupport/FeatureHelpers.cs:27)
UnityEditor.XR.OpenXR.Samples.InterceptFeature.InterceptFeatureInstaller:.cctor () (at Assets/Samples/OpenXR Plugin/1.0.3/Intercept Feature/Editor/InterceptFeatureInstaller.cs:22)
System.Runtime.CompilerServices.RuntimeHelpers:RunClassConstructor (System.RuntimeTypeHandle)
UnityEditor.EditorAssemblies:ProcessInitializeOnLoadAttributes (System.Type[])

[Library/PackageCache/com.unity.xr.openxr@1.0.3/Editor/FeatureSupport/FeatureHelpers.cs line 159]

Assets queued for import after Refresh completed:
	Assets/XR/Settings/Open XR Package Settings.asset
RefreshInfo: StopAssetImportingV2(NoUpdateAssetOptions) scanfilter: 
RefreshProfiler: Total: 0.000ms
Assertion failed on expression: 'm_Ptr'
UnityEngine.StackTraceUtility:ExtractStackTrace ()
UnityEditor.XR.OpenXR.Features.FeatureHelpersInternal:GetAllFeatureInfo (UnityEditor.BuildTargetGroup) (at Library/PackageCache/com.unity.xr.openxr@1.0.3/Editor/FeatureSupport/FeatureHelpers.cs:159)
UnityEditor.XR.OpenXR.Features.FeatureHelpers:RefreshFeatures (UnityEditor.BuildTargetGroup) (at Library/PackageCache/com.unity.xr.openxr@1.0.3/Editor/FeatureSupport/FeatureHelpers.cs:27)
UnityEditor.XR.OpenXR.Samples.InterceptFeature.InterceptFeatureInstaller:.cctor () (at Assets/Samples/OpenXR Plugin/1.0.3/Intercept Feature/Editor/InterceptFeatureInstaller.cs:22)
System.Runtime.CompilerServices.RuntimeHelpers:RunClassConstructor (System.RuntimeTypeHandle)
UnityEditor.EditorAssemblies:ProcessInitializeOnLoadAttributes (System.Type[])

[Library/PackageCache/com.unity.xr.openxr@1.0.3/Editor/FeatureSupport/FeatureHelpers.cs line 159]

Invoked RoslynAnalysisRunner static constructor.
RoslynAnalysisRunner will not be running.
RoslynAnalysisRunner has terminated.
[XR] OculusXRPlugin: registering subsystems
[XR] Unable to register display lifecyle provider: [1]
[XR] Oculus Input lifecycle provider registered.
[XR] Unable to register input lifecyle provider: [1]
NullReferenceException: Object reference not set to an instance of an object
  at Unity.XR.Oculus.OculusLoader.AssetPathToAbsolutePath (System.String assetPath) [0x00048] in C:\proyecto\Virtual-Reality-Cognitive\VR\Library\PackageCache\com.unity.xr.oculus@1.8.1\Runtime\OculusLoader.cs:243 
  at Unity.XR.Oculus.OculusLoader.EditorLoadOVRPlugin () [0x0007b] in C:\proyecto\Virtual-Reality-Cognitive\VR\Library\PackageCache\com.unity.xr.oculus@1.8.1\Runtime\OculusLoader.cs:228 

(Filename: Library/PackageCache/com.unity.xr.oculus@1.8.1/Runtime/OculusLoader.cs Line: 243)

Mono: successfully reloaded assembly
- Completed reload, in  3.661 seconds
Platform modules already initialized, skipping
========================================================================
Worker process is ready to serve import requests
Shader 'Universal Render Pipeline/Particles/Lit': fallback shader 'Universal Render Pipeline/Particles/SimpleLit' not found
Shader 'Universal Render Pipeline/Particles/Lit': fallback shader 'Universal Render Pipeline/Particles/SimpleLit' not found
Launched and connected shader compiler UnityShaderCompiler.exe after 0.13 seconds
Refreshing native plugins compatible for Editor in 1.66 ms, found 15 plugins.
Preloading 2 native plugins for Editor in 0.38 ms.
Unloading 3457 Unused Serialized files (Serialized files now loaded: 0)
System memory in use before: 152.9 MB.
System memory in use after: 150.5 MB.

Unloading 118 unused Assets to reduce memory usage. Loaded Objects now: 3868.
Total: 13.235100 ms (FindLiveObjects: 0.731800 ms CreateObjectMapping: 0.968600 ms MarkObjects: 8.690500 ms  DeleteObjects: 2.840900 ms)

========================================================================
Received Import Request.
  path: Packages/com.unity.xr.interaction.toolkit/Runtime/Locomotion/CharacterControllerDriver.cs
  artifactKey: Guid(af6bf904e410ee8479f9093d8830d1f8) Importer(815301076,1909f56bfc062723c751e8b465ee728b)
Start importing Packages/com.unity.xr.interaction.toolkit/Runtime/Locomotion/CharacterControllerDriver.cs using Guid(af6bf904e410ee8479f9093d8830d1f8) Importer(815301076,1909f56bfc062723c751e8b465ee728b)  -> (artifact id: 'bd8154c06c214c396304c69bd7b47f57') in 0.098836 seconds
  Import took 0.113380 seconds .

========================================================================
Received Prepare
Registering precompiled user dll's ...
Registered in 0.202045 seconds.
Begin MonoManager ReloadAssembly
Native extension for WindowsStandalone target not found
Refreshing native plugins compatible for Editor in 4.14 ms, found 15 plugins.
Preloading 2 native plugins for Editor in 0.57 ms.
Invoked RoslynAnalysisRunner static constructor.
RoslynAnalysisRunner will not be running.
RoslynAnalysisRunner has terminated.
NullReferenceException: Object reference not set to an instance of an object
  at Unity.XR.Oculus.OculusLoader.AssetPathToAbsolutePath (System.String assetPath) [0x00048] in C:\proyecto\Virtual-Reality-Cognitive\VR\Library\PackageCache\com.unity.xr.oculus@1.8.1\Runtime\OculusLoader.cs:243 
  at Unity.XR.Oculus.OculusLoader.EditorLoadOVRPlugin () [0x0007b] in C:\proyecto\Virtual-Reality-Cognitive\VR\Library\PackageCache\com.unity.xr.oculus@1.8.1\Runtime\OculusLoader.cs:228 

(Filename: Library/PackageCache/com.unity.xr.oculus@1.8.1/Runtime/OculusLoader.cs Line: 243)

Mono: successfully reloaded assembly
- Completed reload, in  2.848 seconds
Platform modules already initialized, skipping
Shader 'Universal Render Pipeline/Particles/Lit': fallback shader 'Universal Render Pipeline/Particles/SimpleLit' not found
Shader 'Universal Render Pipeline/Particles/Lit': fallback shader 'Universal Render Pipeline/Particles/SimpleLit' not found
Refreshing native plugins compatible for Editor in 1.81 ms, found 15 plugins.
Preloading 2 native plugins for Editor in 0.33 ms.
Unloading 3336 Unused Serialized files (Serialized files now loaded: 0)
System memory in use before: 147.6 MB.
System memory in use after: 145.4 MB.

Unloading 61 unused Assets to reduce memory usage. Loaded Objects now: 3873.
Total: 18.248400 ms (FindLiveObjects: 1.095900 ms CreateObjectMapping: 0.238700 ms MarkObjects: 12.399900 ms  DeleteObjects: 4.509500 ms)

========================================================================
Received Import Request.
  Time since last request: 82.306511 seconds.
  path: Assets/CharacterMovementHelper.cs
  artifactKey: Guid(f109f70a8bde3b54c894cbbbcbdb3594) Importer(815301076,1909f56bfc062723c751e8b465ee728b)
Start importing Assets/CharacterMovementHelper.cs using Guid(f109f70a8bde3b54c894cbbbcbdb3594) Importer(815301076,1909f56bfc062723c751e8b465ee728b)  -> (artifact id: '68f2b21dfe0e228a25ac05d1bf8c9c2d') in 0.051778 seconds
  Import took 0.085159 seconds .

========================================================================
Received Import Request.
  Time since last request: 372.385076 seconds.
  path: Assets/CharacterMovementHelper.cs
  artifactKey: Guid(f109f70a8bde3b54c894cbbbcbdb3594) Importer(815301076,1909f56bfc062723c751e8b465ee728b)
Start importing Assets/CharacterMovementHelper.cs using Guid(f109f70a8bde3b54c894cbbbcbdb3594) Importer(815301076,1909f56bfc062723c751e8b465ee728b)  -> (artifact id: 'fb23eb91e6afd35a3cf861fcbec7cc0c') in 0.026079 seconds
  Import took 0.756788 seconds .

========================================================================
Received Prepare
Registering precompiled user dll's ...
Registered in 0.109716 seconds.
Begin MonoManager ReloadAssembly
Native extension for WindowsStandalone target not found
Refreshing native plugins compatible for Editor in 3.21 ms, found 15 plugins.
Preloading 2 native plugins for Editor in 0.69 ms.
Invoked RoslynAnalysisRunner static constructor.
RoslynAnalysisRunner will not be running.
RoslynAnalysisRunner has terminated.
NullReferenceException: Object reference not set to an instance of an object
  at Unity.XR.Oculus.OculusLoader.AssetPathToAbsolutePath (System.String assetPath) [0x00048] in C:\proyecto\Virtual-Reality-Cognitive\VR\Library\PackageCache\com.unity.xr.oculus@1.8.1\Runtime\OculusLoader.cs:243 
  at Unity.XR.Oculus.OculusLoader.EditorLoadOVRPlugin () [0x0007b] in C:\proyecto\Virtual-Reality-Cognitive\VR\Library\PackageCache\com.unity.xr.oculus@1.8.1\Runtime\OculusLoader.cs:228 

(Filename: Library/PackageCache/com.unity.xr.oculus@1.8.1/Runtime/OculusLoader.cs Line: 243)

Mono: successfully reloaded assembly
- Completed reload, in  3.446 seconds
Platform modules already initialized, skipping
Shader 'Universal Render Pipeline/Particles/Lit': fallback shader 'Universal Render Pipeline/Particles/SimpleLit' not found
Shader 'Universal Render Pipeline/Particles/Lit': fallback shader 'Universal Render Pipeline/Particles/SimpleLit' not found
Refreshing native plugins compatible for Editor in 1.33 ms, found 15 plugins.
Preloading 2 native plugins for Editor in 0.29 ms.
Unloading 3336 Unused Serialized files (Serialized files now loaded: 0)
System memory in use before: 147.7 MB.
System memory in use after: 145.5 MB.

Unloading 61 unused Assets to reduce memory usage. Loaded Objects now: 3877.
Total: 18.920600 ms (FindLiveObjects: 1.740200 ms CreateObjectMapping: 0.356300 ms MarkObjects: 12.809200 ms  DeleteObjects: 4.011300 ms)

========================================================================
Received Import Request.
  Time since last request: 84.287563 seconds.
  path: Assets/CharacterMovementHelper.cs
  artifactKey: Guid(f109f70a8bde3b54c894cbbbcbdb3594) Importer(815301076,1909f56bfc062723c751e8b465ee728b)
Start importing Assets/CharacterMovementHelper.cs using Guid(f109f70a8bde3b54c894cbbbcbdb3594) Importer(815301076,1909f56bfc062723c751e8b465ee728b)  -> (artifact id: '94dc9e18914cd7c87464a161fa30bf96') in 0.020576 seconds
  Import took 0.059508 seconds .

========================================================================
Received Prepare
Registering precompiled user dll's ...
Registered in 0.107140 seconds.
Begin MonoManager ReloadAssembly
Native extension for WindowsStandalone target not found
Refreshing native plugins compatible for Editor in 2.42 ms, found 15 plugins.
Preloading 2 native plugins for Editor in 1.46 ms.
Invoked RoslynAnalysisRunner static constructor.
RoslynAnalysisRunner will not be running.
RoslynAnalysisRunner has terminated.
NullReferenceException: Object reference not set to an instance of an object
  at Unity.XR.Oculus.OculusLoader.AssetPathToAbsolutePath (System.String assetPath) [0x00048] in C:\proyecto\Virtual-Reality-Cognitive\VR\Library\PackageCache\com.unity.xr.oculus@1.8.1\Runtime\OculusLoader.cs:243 
  at Unity.XR.Oculus.OculusLoader.EditorLoadOVRPlugin () [0x0007b] in C:\proyecto\Virtual-Reality-Cognitive\VR\Library\PackageCache\com.unity.xr.oculus@1.8.1\Runtime\OculusLoader.cs:228 

(Filename: Library/PackageCache/com.unity.xr.oculus@1.8.1/Runtime/OculusLoader.cs Line: 243)

Mono: successfully reloaded assembly
- Completed reload, in  3.692 seconds
Platform modules already initialized, skipping
Shader 'Universal Render Pipeline/Particles/Lit': fallback shader 'Universal Render Pipeline/Particles/SimpleLit' not found
Shader 'Universal Render Pipeline/Particles/Lit': fallback shader 'Universal Render Pipeline/Particles/SimpleLit' not found
Refreshing native plugins compatible for Editor in 5.13 ms, found 15 plugins.
Preloading 2 native plugins for Editor in 0.59 ms.
Unloading 3336 Unused Serialized files (Serialized files now loaded: 0)
System memory in use before: 147.7 MB.
System memory in use after: 145.5 MB.

Unloading 61 unused Assets to reduce memory usage. Loaded Objects now: 3881.
Total: 22.194400 ms (FindLiveObjects: 1.916000 ms CreateObjectMapping: 0.269400 ms MarkObjects: 15.208800 ms  DeleteObjects: 4.794900 ms)

AssetImportWorkerClient::OnTransportError - code=2 error=End of file
