Using pre-set license
Built from '2020.2/staging' branch; Version is '2020.2.7f1 (c53830e277f1) revision 12924976'; Using compiler version '192528614'; Build Type 'Release'
OS: 'Windows 10 Home; OS build 19044.1889; Version 2009; 64bit' Language: 'es' Physical Memory: 3498 MB
BatchMode: 1, IsHumanControllingUs: 0, StartBugReporterOnCrash: 0, Is64bit: 1, IsPro: 0

 COMMAND LINE ARGUMENTS:
C:\Program Files\Unity\Hub\Editor\2020.2.7f1\Editor\Unity.exe
-adb2
-batchMode
-noUpm
-name
AssetImportWorker0
-projectPath
C:/proyecto/Virtual-Reality-Cognitive/VR
-logFile
Logs/AssetImportWorker0.log
-srvPort
49865
Successfully changed project path to: C:/proyecto/Virtual-Reality-Cognitive/VR
C:/proyecto/Virtual-Reality-Cognitive/VR
Using Asset Import Pipeline V2.
Refreshing native plugins compatible for Editor in 436.03 ms, found 15 plugins.
Preloading 2 native plugins for Editor in 16.78 ms.
Initialize engine version: 2020.2.7f1 (c53830e277f1)
[Subsystems] Discovering subsystems at path C:/Program Files/Unity/Hub/Editor/2020.2.7f1/Editor/Data/Resources/UnitySubsystems
[Subsystems] Discovering subsystems at path C:/proyecto/Virtual-Reality-Cognitive/VR/Assets
GfxDevice: creating device client; threaded=0
Direct3D:
    Version:  Direct3D 11.0 [level 11.1]
    Renderer: AMD Radeon(TM) Vega 3 Graphics (ID=0x15d8)
    Vendor:   
    VRAM:     1749 MB
    Driver:   27.20.15030.3002
Initialize mono
Mono path[0] = 'C:/Program Files/Unity/Hub/Editor/2020.2.7f1/Editor/Data/Managed'
Mono path[1] = 'C:/Program Files/Unity/Hub/Editor/2020.2.7f1/Editor/Data/MonoBleedingEdge/lib/mono/unityjit'
Mono config path = 'C:/Program Files/Unity/Hub/Editor/2020.2.7f1/Editor/Data/MonoBleedingEdge/etc'
Using monoOptions --debugger-agent=transport=dt_socket,embedding=1,server=y,suspend=n,address=127.0.0.1:56388
Begin MonoManager ReloadAssembly
Registering precompiled unity dll's ...
Register platform support module: C:/Program Files/Unity/Hub/Editor/2020.2.7f1/Editor/Data/PlaybackEngines/WindowsStandaloneSupport/UnityEditor.WindowsStandalone.Extensions.dll
Registered in 0.006181 seconds.
Native extension for WindowsStandalone target not found
Refreshing native plugins compatible for Editor in 379.07 ms, found 15 plugins.
Preloading 2 native plugins for Editor in 0.40 ms.
Invoked RoslynAnalysisRunner static constructor.
RoslynAnalysisRunner will not be running.
RoslynAnalysisRunner has terminated.
Mono: successfully reloaded assembly
- Completed reload, in  7.232 seconds
Platform modules already initialized, skipping
Registering precompiled user dll's ...
Registered in 0.081114 seconds.
Begin MonoManager ReloadAssembly
Native extension for WindowsStandalone target not found
Refreshing native plugins compatible for Editor in 145.78 ms, found 15 plugins.
Preloading 2 native plugins for Editor in 0.30 ms.
Invoked RoslynAnalysisRunner static constructor.
RoslynAnalysisRunner will not be running.
RoslynAnalysisRunner has terminated.
[XR] OculusXRPlugin: registering subsystems
[XR] Unable to register display lifecyle provider: [1]
[XR] Oculus Input lifecycle provider registered.
[XR] Unable to register input lifecyle provider: [1]
NullReferenceException: Object reference not set to an instance of an object
  at Unity.XR.Oculus.OculusLoader.AssetPathToAbsolutePath (System.String assetPath) [0x00048] in C:\proyecto\Virtual-Reality-Cognitive\VR\Library\PackageCache\com.unity.xr.oculus@1.8.1\Runtime\OculusLoader.cs:243 
  at Unity.XR.Oculus.OculusLoader.EditorLoadOVRPlugin () [0x0007b] in C:\proyecto\Virtual-Reality-Cognitive\VR\Library\PackageCache\com.unity.xr.oculus@1.8.1\Runtime\OculusLoader.cs:228 

(Filename: Library/PackageCache/com.unity.xr.oculus@1.8.1/Runtime/OculusLoader.cs Line: 243)

Mono: successfully reloaded assembly
- Completed reload, in  4.041 seconds
Platform modules already initialized, skipping
========================================================================
Worker process is ready to serve import requests
Shader 'Universal Render Pipeline/Particles/Lit': fallback shader 'Universal Render Pipeline/Particles/SimpleLit' not found
Shader 'Universal Render Pipeline/Particles/Lit': fallback shader 'Universal Render Pipeline/Particles/SimpleLit' not found
Launched and connected shader compiler UnityShaderCompiler.exe after 0.13 seconds
Refreshing native plugins compatible for Editor in 2.48 ms, found 15 plugins.
Preloading 2 native plugins for Editor in 0.44 ms.
Unloading 3459 Unused Serialized files (Serialized files now loaded: 0)
System memory in use before: 152.7 MB.
System memory in use after: 150.3 MB.

Unloading 68 unused Assets to reduce memory usage. Loaded Objects now: 3869.
Total: 14.995900 ms (FindLiveObjects: 0.802200 ms CreateObjectMapping: 0.401300 ms MarkObjects: 10.816000 ms  DeleteObjects: 2.973400 ms)

========================================================================
Received Import Request.
  path: Assets/Productos/gondola_editada.fbx
  artifactKey: Guid(e9fcbc6add4ee434594229a91151786c) Importer(815301076,1909f56bfc062723c751e8b465ee728b)
Start importing Assets/Productos/gondola_editada.fbx using Guid(e9fcbc6add4ee434594229a91151786c) Importer(815301076,1909f56bfc062723c751e8b465ee728b)  -> (artifact id: '4d473a6bcb4e9f8665f6709837588448') in 0.726616 seconds
  Import took 0.741894 seconds .

AssetImportWorkerClient::OnTransportError - code=2 error=End of file
